[2025-04-27 01:46:33,353: DEBUG/MainProcess] | Worker: Preparing bootsteps.
[2025-04-27 01:46:33,353: DEBUG/MainProcess] | Worker: Building graph...
[2025-04-27 01:46:33,353: DEBUG/MainProcess] | Worker: New boot order: {Timer, Hub, Pool, Autoscaler, StateDB, Beat, Consumer}
[2025-04-27 01:46:33,356: DEBUG/MainProcess] | Consumer: Preparing bootsteps.
[2025-04-27 01:46:33,356: DEBUG/MainProcess] | Consumer: Building graph...
[2025-04-27 01:46:33,359: DEBUG/MainProcess] | Consumer: New boot order: {Connection, Agent, Events, Mingle, Tasks, Control, Gossip, Heart, DelayedDelivery, event loop}
 
 -------------- celery@Mac v5.5.1 (immunity)
--- ***** ----- 
-- ******* ---- macOS-15.3-arm64-arm-64bit 2025-04-27 01:46:33
- *** --- * --- 
- ** ---------- [config]
- ** ---------- .> app:         python_project:0x1023c2f00
- ** ---------- .> transport:   redis://localhost:6379/0
- ** ---------- .> results:     disabled://
- *** --- * --- .> concurrency: 11 (solo)
-- ******* ---- .> task events: OFF (enable -E to monitor tasks in this worker)
--- ***** ----- 
 -------------- [queues]
                .> celery           exchange=celery(direct) key=celery
                

[tasks]
  . celery.accumulate
  . celery.backend_cleanup
  . celery.chain
  . celery.chord
  . celery.chord_unlock
  . celery.chunks
  . celery.group
  . celery.map
  . celery.starmap
  . main.tasks.delete_old_data

[2025-04-27 01:46:33,367: DEBUG/MainProcess] | Worker: Starting Hub
[2025-04-27 01:46:33,367: DEBUG/MainProcess] ^-- substep ok
[2025-04-27 01:46:33,367: DEBUG/MainProcess] | Worker: Starting Pool
[2025-04-27 01:46:33,367: DEBUG/MainProcess] ^-- substep ok
[2025-04-27 01:46:33,367: DEBUG/MainProcess] | Worker: Starting Consumer
[2025-04-27 01:46:33,367: DEBUG/MainProcess] | Consumer: Starting Connection
[2025-04-27 01:46:33,371: INFO/MainProcess] Connected to redis://localhost:6379/0
[2025-04-27 01:46:33,371: DEBUG/MainProcess] ^-- substep ok
[2025-04-27 01:46:33,371: DEBUG/MainProcess] | Consumer: Starting Events
[2025-04-27 01:46:33,372: DEBUG/MainProcess] ^-- substep ok
[2025-04-27 01:46:33,372: DEBUG/MainProcess] | Consumer: Starting Mingle
[2025-04-27 01:46:33,372: INFO/MainProcess] mingle: searching for neighbors
[2025-04-27 01:46:34,379: INFO/MainProcess] mingle: all alone
[2025-04-27 01:46:34,380: DEBUG/MainProcess] ^-- substep ok
[2025-04-27 01:46:34,380: DEBUG/MainProcess] | Consumer: Starting Tasks
[2025-04-27 01:46:34,386: DEBUG/MainProcess] ^-- substep ok
[2025-04-27 01:46:34,386: DEBUG/MainProcess] | Consumer: Starting Control
[2025-04-27 01:46:34,390: DEBUG/MainProcess] ^-- substep ok
[2025-04-27 01:46:34,390: DEBUG/MainProcess] | Consumer: Starting Gossip
[2025-04-27 01:46:34,393: DEBUG/MainProcess] ^-- substep ok
[2025-04-27 01:46:34,393: DEBUG/MainProcess] | Consumer: Starting Heart
[2025-04-27 01:46:34,395: DEBUG/MainProcess] ^-- substep ok
[2025-04-27 01:46:34,395: DEBUG/MainProcess] | Consumer: Starting event loop
[2025-04-27 01:46:34,395: DEBUG/MainProcess] | Worker: Hub.register Pool...
[2025-04-27 01:46:34,395: INFO/MainProcess] celery@Mac ready.
[2025-04-27 01:46:34,395: DEBUG/MainProcess] basic.qos: prefetch_count->44
[2025-04-27 01:46:34,397: INFO/MainProcess] Task main.tasks.delete_old_data[6362b5f5-73cd-4489-8040-d19b875075e4] received
[2025-04-27 01:46:34,397: DEBUG/MainProcess] TaskPool: Apply <function fast_trace_task at 0x102361940> (args:('main.tasks.delete_old_data', '6362b5f5-73cd-4489-8040-d19b875075e4', {'lang': 'py', 'task': 'main.tasks.delete_old_data', 'id': '6362b5f5-73cd-4489-8040-d19b875075e4', 'shadow': None, 'eta': None, 'expires': None, 'group': None, 'group_index': None, 'retries': 0, 'timelimit': [None, None], 'root_id': '6362b5f5-73cd-4489-8040-d19b875075e4', 'parent_id': None, 'argsrepr': '()', 'kwargsrepr': '{}', 'origin': 'gen17573@Mac', 'ignore_result': False, 'replaced_task_nesting': 0, 'stamped_headers': None, 'stamps': {}, 'properties': {'correlation_id': '6362b5f5-73cd-4489-8040-d19b875075e4', 'reply_to': '547992b7-bc03-309d-9f4c-eafb9d1cbc7b', 'delivery_mode': 2, 'delivery_info': {'exchange': '', 'routing_key': 'celery'}, 'priority': 0, 'body_encoding': 'base64', 'delivery_tag': 'fb6b6c8c-f83f-48fc-b61f-f2771bb14034'}, 'reply_to': '547992b7-bc03-309d-9f4c-eafb9d1cbc7b', 'correlation_id': '6362b5f5-73cd-4489-8040-d19b875075e4', 'hostname': 'celery@Mac', 'delivery_info': {'exchange': '', 'routing_key': 'celery',... kwargs:{})
[2025-04-27 01:46:34,401: INFO/MainProcess] Task main.tasks.delete_old_data[6362b5f5-73cd-4489-8040-d19b875075e4] succeeded in 0.0046192919835448265s: None

worker: Hitting Ctrl+C again will initiate cold shutdown, terminating all running tasks!

worker: Warm shutdown (MainProcess)
[2025-04-27 01:46:37,125: INFO/MainProcess] Task main.tasks.delete_old_data[927aef00-9256-4e98-8438-54a11e6cfa44] received
[2025-04-27 01:46:37,125: DEBUG/MainProcess] TaskPool: Apply <function fast_trace_task at 0x102361940> (args:('main.tasks.delete_old_data', '927aef00-9256-4e98-8438-54a11e6cfa44', {'lang': 'py', 'task': 'main.tasks.delete_old_data', 'id': '927aef00-9256-4e98-8438-54a11e6cfa44', 'shadow': None, 'eta': None, 'expires': None, 'group': None, 'group_index': None, 'retries': 0, 'timelimit': [None, None], 'root_id': '927aef00-9256-4e98-8438-54a11e6cfa44', 'parent_id': None, 'argsrepr': '()', 'kwargsrepr': '{}', 'origin': 'gen17573@Mac', 'ignore_result': False, 'replaced_task_nesting': 0, 'stamped_headers': None, 'stamps': {}, 'properties': {'correlation_id': '927aef00-9256-4e98-8438-54a11e6cfa44', 'reply_to': '547992b7-bc03-309d-9f4c-eafb9d1cbc7b', 'delivery_mode': 2, 'delivery_info': {'exchange': '', 'routing_key': 'celery'}, 'priority': 0, 'body_encoding': 'base64', 'delivery_tag': '86361fa3-4d30-4744-be65-6a1ac7683234'}, 'reply_to': '547992b7-bc03-309d-9f4c-eafb9d1cbc7b', 'correlation_id': '927aef00-9256-4e98-8438-54a11e6cfa44', 'hostname': 'celery@Mac', 'delivery_info': {'exchange': '', 'routing_key': 'celery',... kwargs:{})
[2025-04-27 01:46:37,128: INFO/MainProcess] Task main.tasks.delete_old_data[927aef00-9256-4e98-8438-54a11e6cfa44] succeeded in 0.0025584999821148813s: None
[2025-04-27 01:46:37,128: DEBUG/MainProcess] | Worker: Closing Hub...
[2025-04-27 01:46:37,128: DEBUG/MainProcess] | Worker: Closing Pool...
[2025-04-27 01:46:37,128: DEBUG/MainProcess] | Worker: Closing Consumer...
[2025-04-27 01:46:37,128: DEBUG/MainProcess] | Worker: Stopping Consumer...
[2025-04-27 01:46:37,129: DEBUG/MainProcess] | Consumer: Closing Connection...
[2025-04-27 01:46:37,129: DEBUG/MainProcess] | Consumer: Closing Events...
[2025-04-27 01:46:37,129: DEBUG/MainProcess] | Consumer: Closing Mingle...
[2025-04-27 01:46:37,129: DEBUG/MainProcess] | Consumer: Closing Tasks...
[2025-04-27 01:46:37,129: DEBUG/MainProcess] | Consumer: Closing Control...
[2025-04-27 01:46:37,129: DEBUG/MainProcess] | Consumer: Closing Gossip...
[2025-04-27 01:46:37,129: DEBUG/MainProcess] | Consumer: Closing Heart...
[2025-04-27 01:46:37,129: DEBUG/MainProcess] | Consumer: Closing event loop...
[2025-04-27 01:46:37,129: DEBUG/MainProcess] | Consumer: Stopping event loop...
[2025-04-27 01:46:37,129: DEBUG/MainProcess] | Consumer: Stopping Heart...
[2025-04-27 01:46:37,129: DEBUG/MainProcess] | Consumer: Stopping Gossip...
[2025-04-27 01:46:37,131: DEBUG/MainProcess] | Consumer: Stopping Control...
[2025-04-27 01:46:37,133: DEBUG/MainProcess] | Consumer: Stopping Tasks...
[2025-04-27 01:46:37,133: DEBUG/MainProcess] Canceling task consumer...
[2025-04-27 01:46:37,133: DEBUG/MainProcess] | Consumer: Stopping Mingle...
[2025-04-27 01:46:37,133: DEBUG/MainProcess] | Consumer: Stopping Events...
[2025-04-27 01:46:37,133: DEBUG/MainProcess] | Consumer: Stopping Connection...
[2025-04-27 01:46:37,133: DEBUG/MainProcess] | Worker: Stopping Pool...
[2025-04-27 01:46:37,133: DEBUG/MainProcess] | Worker: Stopping Hub...
[2025-04-27 01:46:37,133: DEBUG/MainProcess] | Consumer: Shutdown Heart...
[2025-04-27 01:46:37,133: DEBUG/MainProcess] | Consumer: Shutdown Gossip...
[2025-04-27 01:46:37,133: DEBUG/MainProcess] | Consumer: Shutdown Control...
[2025-04-27 01:46:37,133: DEBUG/MainProcess] | Consumer: Shutdown Tasks...
[2025-04-27 01:46:37,133: DEBUG/MainProcess] Canceling task consumer...
[2025-04-27 01:46:37,133: DEBUG/MainProcess] Closing consumer channel...
[2025-04-27 01:46:37,133: DEBUG/MainProcess] | Consumer: Shutdown Events...
[2025-04-27 01:46:37,133: DEBUG/MainProcess] | Consumer: Shutdown Connection...
